<?xml version="1.0" encoding="UTF-8"?>
<testsuite xmlns:xsi="http://www.w3.org/2001/XMLSchema-instance" xsi:noNamespaceSchemaLocation="https://maven.apache.org/surefire/maven-surefire-plugin/xsd/surefire-test-report.xsd" version="3.0.2" name="esprit.alt.eureka.EurekaApplicationTests" time="12.793" tests="1" errors="0" skipped="0" failures="0">
  <properties>
[...]
</properties>
  <testcase name="contextLoads" classname="esprit.alt.eureka.EurekaApplicationTests" time="1.761">
    <system-out><![CDATA[22:18:45.571 [main] INFO org.springframework.test.context.support.AnnotationConfigContextLoaderUtils -- Could not detect default configuration classes for test class [esprit.alt.eureka.EurekaApplicationTests]: EurekaApplicationTests does not declare any static, non-private, non-final, nested classes annotated with @Configuration.
22:18:45.816 [main] INFO org.springframework.boot.test.context.SpringBootTestContextBootstrapper -- Found @SpringBootConfiguration esprit.alt.eureka.EurekaApplication for test class esprit.alt.eureka.EurekaApplicationTests

  .   ____          _            __ _ _
 /\\ / ___'_ __ _ _(_)_ __  __ _ \ \ \ \
( ( )\___ | '_ | '_| | '_ \/ _` | \ \ \ \
 \\/  ___)| |_)| | | | | || (_| |  ) ) ) )
  '  |____| .__|_| |_|_| |_\__, | / / / /
 =========|_|==============|___/=/_/_/_/

 :: Spring Boot ::                (v3.4.5)

2025-06-29T22:18:47.467+02:00  INFO 5748 --- [Eureka] [           main] e.alt.eureka.EurekaApplicationTests      : Starting EurekaApplicationTests using Java 17.0.14 with PID 5748 (started by SPONTEX in C:\Users\SPONTEX\Desktop\camapp\microservice-campapp\Microservice\Eureka-main\Eureka-main)
2025-06-29T22:18:47.470+02:00  INFO 5748 --- [Eureka] [           main] e.alt.eureka.EurekaApplicationTests      : No active profile set, falling back to 1 default profile: "default"
2025-06-29T22:18:49.933+02:00  INFO 5748 --- [Eureka] [           main] o.s.cloud.context.scope.GenericScope     : BeanFactory id=ad2ea256-ab0a-38b0-b149-5a4e85bd5337
2025-06-29T22:18:51.210+02:00  INFO 5748 --- [Eureka] [           main] o.s.v.b.OptionalValidatorFactoryBean     : Failed to set up a Bean Validation provider: jakarta.validation.NoProviderFoundException: Unable to create a Configuration, because no Jakarta Bean Validation provider could be found. Add a provider like Hibernate Validator (RI) to your classpath.
2025-06-29T22:18:54.529+02:00  WARN 5748 --- [Eureka] [           main] iguration$LoadBalancerCaffeineWarnLogger : Spring Cloud LoadBalancer is currently working with the default cache. While this cache implementation is useful for development and tests, it's recommended to use Caffeine cache in production.You can switch to using Caffeine cache, by adding it and org.springframework.cache.caffeine.CaffeineCacheManager to the classpath.
2025-06-29T22:18:55.026+02:00  INFO 5748 --- [Eureka] [           main] o.s.c.n.eureka.InstanceInfoFactory       : Setting initial instance status as: STARTING
2025-06-29T22:18:55.079+02:00  INFO 5748 --- [Eureka] [           main] com.netflix.discovery.DiscoveryClient    : Initializing Eureka in region us-east-1
2025-06-29T22:18:55.081+02:00  INFO 5748 --- [Eureka] [           main] com.netflix.discovery.DiscoveryClient    : Client configured to neither register nor query for data.
2025-06-29T22:18:55.084+02:00  INFO 5748 --- [Eureka] [           main] com.netflix.discovery.DiscoveryClient    : Discovery Client initialized at timestamp 1751228335083 with initial instances count: 0
2025-06-29T22:18:55.253+02:00  INFO 5748 --- [Eureka] [           main] c.n.eureka.DefaultEurekaServerContext    : Initializing ...
2025-06-29T22:18:55.256+02:00  INFO 5748 --- [Eureka] [           main] c.n.eureka.cluster.PeerEurekaNodes       : Adding new peer nodes [http://localhost:8761/eureka/]
2025-06-29T22:18:55.633+02:00  INFO 5748 --- [Eureka] [           main] c.n.d.provider.DiscoveryJerseyProvider   : Using JSON encoding codec LegacyJacksonJson
2025-06-29T22:18:55.633+02:00  INFO 5748 --- [Eureka] [           main] c.n.d.provider.DiscoveryJerseyProvider   : Using JSON decoding codec LegacyJacksonJson
2025-06-29T22:18:55.634+02:00  INFO 5748 --- [Eureka] [           main] c.n.d.provider.DiscoveryJerseyProvider   : Using XML encoding codec XStreamXml
2025-06-29T22:18:55.634+02:00  INFO 5748 --- [Eureka] [           main] c.n.d.provider.DiscoveryJerseyProvider   : Using XML decoding codec XStreamXml
2025-06-29T22:18:55.774+02:00  INFO 5748 --- [Eureka] [           main] c.n.eureka.cluster.PeerEurekaNodes       : Replica node URL:  http://localhost:8761/eureka/
2025-06-29T22:18:55.788+02:00  INFO 5748 --- [Eureka] [           main] c.n.e.registry.AbstractInstanceRegistry  : Finished initializing remote region registries. All known remote regions: []
2025-06-29T22:18:55.788+02:00  INFO 5748 --- [Eureka] [           main] c.n.eureka.DefaultEurekaServerContext    : Initialized
2025-06-29T22:18:56.031+02:00  INFO 5748 --- [Eureka] [           main] o.s.b.a.e.web.EndpointLinksResolver      : Exposing 1 endpoint beneath base path '/actuator'
2025-06-29T22:18:56.138+02:00  INFO 5748 --- [Eureka] [           main] o.s.c.n.e.s.EurekaServiceRegistry        : Registering application EUREKA with eureka with status UP
2025-06-29T22:18:56.169+02:00  INFO 5748 --- [Eureka] [      Thread-10] o.s.c.n.e.server.EurekaServerBootstrap   : isAws returned false
2025-06-29T22:18:56.170+02:00  INFO 5748 --- [Eureka] [      Thread-10] o.s.c.n.e.server.EurekaServerBootstrap   : Initialized server context
2025-06-29T22:18:56.171+02:00  INFO 5748 --- [Eureka] [      Thread-10] c.n.e.r.PeerAwareInstanceRegistryImpl    : Got 1 instances from neighboring DS node
2025-06-29T22:18:56.171+02:00  INFO 5748 --- [Eureka] [      Thread-10] c.n.e.r.PeerAwareInstanceRegistryImpl    : Renew threshold is: 1
2025-06-29T22:18:56.172+02:00  INFO 5748 --- [Eureka] [      Thread-10] c.n.e.r.PeerAwareInstanceRegistryImpl    : Changing status to UP
2025-06-29T22:18:56.175+02:00  INFO 5748 --- [Eureka] [      Thread-10] e.s.EurekaServerInitializerConfiguration : Started Eureka Server
2025-06-29T22:18:56.183+02:00  INFO 5748 --- [Eureka] [           main] e.alt.eureka.EurekaApplicationTests      : Started EurekaApplicationTests in 9.614 seconds (process running for 12.563)
]]></system-out>
  </testcase>
</testsuite>